2023-12-11 13:31:49,506 - ERROR - No such comm target registered: jupyter.widget.control
2023-12-11 13:31:49,507 - WARNING - No such comm: c434e633-ffdb-499f-8168-8a98ba635414
2023-12-11 13:31:56,611 - INFO - Table 'Products' created or already exists.
2023-12-11 13:31:56,611 - ERROR - Error loading CSV to MySQL: 3948 (42000): Loading local data is disabled; this must be enabled on both the client and server sides
2023-12-11 13:31:56,615 - INFO - Table 'Sales' created or already exists.
2023-12-11 13:31:56,615 - ERROR - Error loading CSV to MySQL: 3948 (42000): Loading local data is disabled; this must be enabled on both the client and server sides
2023-12-11 13:31:56,616 - INFO - MySQL connection closed.
2023-12-11 13:33:14,352 - INFO - Table 'Products' created or already exists.
2023-12-11 13:33:14,353 - ERROR - Error loading CSV to MySQL: 3948 (42000): Loading local data is disabled; this must be enabled on both the client and server sides
2023-12-11 13:33:14,354 - INFO - Table 'Sales' created or already exists.
2023-12-11 13:33:14,355 - ERROR - Error loading CSV to MySQL: 3948 (42000): Loading local data is disabled; this must be enabled on both the client and server sides
2023-12-11 13:33:14,355 - INFO - MySQL connection closed.
2023-12-11 13:49:43,625 - INFO - Table 'Products' created or already exists.
2023-12-11 13:49:43,626 - ERROR - Error loading CSV to MySQL: 3948 (42000): Loading local data is disabled; this must be enabled on both the client and server sides
2023-12-11 13:49:43,627 - INFO - Table 'Sales' created or already exists.
2023-12-11 13:49:43,627 - ERROR - Error loading CSV to MySQL: 3948 (42000): Loading local data is disabled; this must be enabled on both the client and server sides
2023-12-11 13:49:43,628 - INFO - MySQL connection closed.
2023-12-11 13:50:03,437 - INFO - Table 'Products' created or already exists.
2023-12-11 13:50:03,438 - ERROR - Error loading CSV to MySQL: 3948 (42000): Loading local data is disabled; this must be enabled on both the client and server sides
2023-12-11 13:50:03,439 - INFO - Table 'Sales' created or already exists.
2023-12-11 13:50:03,440 - ERROR - Error loading CSV to MySQL: 3948 (42000): Loading local data is disabled; this must be enabled on both the client and server sides
2023-12-11 13:50:03,440 - INFO - MySQL connection closed.
2023-12-11 13:53:57,147 - INFO - Table 'Products' created or already exists.
2023-12-11 13:53:57,147 - ERROR - Error loading CSV to MySQL: 3948 (42000): Loading local data is disabled; this must be enabled on both the client and server sides
2023-12-11 13:53:57,148 - INFO - Table 'Sales' created or already exists.
2023-12-11 13:53:57,149 - ERROR - Error loading CSV to MySQL: 3948 (42000): Loading local data is disabled; this must be enabled on both the client and server sides
2023-12-11 13:53:57,149 - INFO - MySQL connection closed.
2023-12-11 13:54:53,048 - INFO - Table 'Products' created or already exists.
2023-12-11 13:54:53,049 - ERROR - Error loading CSV to MySQL: 3948 (42000): Loading local data is disabled; this must be enabled on both the client and server sides
2023-12-11 13:54:53,049 - INFO - Table 'Sales' created or already exists.
2023-12-11 13:54:53,050 - ERROR - Error loading CSV to MySQL: 3948 (42000): Loading local data is disabled; this must be enabled on both the client and server sides
2023-12-11 13:54:53,050 - INFO - MySQL connection closed.
2023-12-12 03:47:20,145 - INFO - Table 'Products' created or already exists.
2023-12-12 03:47:20,146 - ERROR - Error loading CSV to MySQL: 3948 (42000): Loading local data is disabled; this must be enabled on both the client and server sides
2023-12-12 03:47:20,147 - INFO - Table 'Sales' created or already exists.
2023-12-12 03:47:20,148 - ERROR - Error loading CSV to MySQL: 3948 (42000): Loading local data is disabled; this must be enabled on both the client and server sides
2023-12-12 03:47:20,148 - INFO - MySQL connection closed.
2023-12-12 03:48:44,614 - INFO - Table 'Products' created or already exists.
2023-12-12 03:48:44,614 - ERROR - Error loading CSV to MySQL: 3948 (42000): Loading local data is disabled; this must be enabled on both the client and server sides
2023-12-12 03:48:44,615 - INFO - Table 'Sales' created or already exists.
2023-12-12 03:48:44,615 - ERROR - Error loading CSV to MySQL: 3948 (42000): Loading local data is disabled; this must be enabled on both the client and server sides
2023-12-12 03:48:44,615 - INFO - MySQL connection closed.
2023-12-12 03:48:58,906 - INFO - Table 'Products' created or already exists.
2023-12-12 03:48:58,907 - ERROR - Error loading CSV to MySQL: 3948 (42000): Loading local data is disabled; this must be enabled on both the client and server sides
2023-12-12 03:48:58,908 - INFO - Table 'Sales' created or already exists.
2023-12-12 03:48:58,908 - ERROR - Error loading CSV to MySQL: 3948 (42000): Loading local data is disabled; this must be enabled on both the client and server sides
2023-12-12 03:48:58,909 - INFO - MySQL connection closed.
2023-12-12 03:56:56,824 - INFO - Table 'Products' created or already exists.
2023-12-12 03:56:56,824 - ERROR - Error loading CSV to MySQL: 3948 (42000): Loading local data is disabled; this must be enabled on both the client and server sides
2023-12-12 03:56:56,825 - INFO - Table 'Sales' created or already exists.
2023-12-12 03:56:56,825 - ERROR - Error loading CSV to MySQL: 3948 (42000): Loading local data is disabled; this must be enabled on both the client and server sides
2023-12-12 03:56:56,826 - INFO - MySQL connection closed.
2023-12-12 03:59:44,627 - INFO - Table 'Products' created or already exists.
2023-12-12 03:59:44,628 - ERROR - Error loading CSV to MySQL: 3948 (42000): Loading local data is disabled; this must be enabled on both the client and server sides
2023-12-12 03:59:44,628 - INFO - Table 'Sales' created or already exists.
2023-12-12 03:59:44,629 - ERROR - Error loading CSV to MySQL: 3948 (42000): Loading local data is disabled; this must be enabled on both the client and server sides
2023-12-12 03:59:44,629 - INFO - MySQL connection closed.
2023-12-12 04:02:45,942 - INFO - Table 'Products' created or already exists.
2023-12-12 04:02:45,942 - ERROR - Error loading CSV to MySQL: 3948 (42000): Loading local data is disabled; this must be enabled on both the client and server sides
2023-12-12 04:02:45,944 - INFO - Table 'Sales' created or already exists.
2023-12-12 04:02:45,944 - ERROR - Error loading CSV to MySQL: 3948 (42000): Loading local data is disabled; this must be enabled on both the client and server sides
2023-12-12 04:02:45,944 - INFO - MySQL connection closed.
2023-12-12 04:06:30,055 - INFO - Table 'Products' created or already exists.
2023-12-12 04:06:30,056 - ERROR - Error loading CSV to MySQL: 3948 (42000): Loading local data is disabled; this must be enabled on both the client and server sides
2023-12-12 04:06:30,056 - INFO - Table 'Sales' created or already exists.
2023-12-12 04:06:30,057 - ERROR - Error loading CSV to MySQL: 3948 (42000): Loading local data is disabled; this must be enabled on both the client and server sides
2023-12-12 04:06:30,057 - INFO - MySQL connection closed.
2023-12-12 04:22:46,923 - INFO - Table 'Products' created or already exists.
2023-12-12 04:22:46,924 - ERROR - Error loading CSV to MySQL: name 'cursor' is not defined
2023-12-12 04:22:46,925 - INFO - Table 'Sales' created or already exists.
2023-12-12 04:22:46,925 - ERROR - Error loading CSV to MySQL: name 'cursor' is not defined
2023-12-12 04:22:46,925 - INFO - MySQL connection closed.
2023-12-12 04:23:14,874 - INFO - Table 'Products' created or already exists.
2023-12-12 04:23:14,875 - INFO - Data from 'Products.csv' loaded into 'Products'.
2023-12-12 04:23:14,877 - INFO - Table 'Sales' created or already exists.
2023-12-12 04:23:14,878 - INFO - Data from 'Sales.csv' loaded into 'Sales'.
2023-12-12 04:23:14,879 - INFO - MySQL connection closed.
2023-12-12 04:40:08,811 - INFO - Table 'Products' created or already exists.
2023-12-12 04:40:08,812 - INFO - Data from 'Products.csv' loaded into 'Products'.
2023-12-12 04:40:08,813 - INFO - Data from 'Products.csv' committed into 'Products'.
2023-12-12 04:40:08,813 - INFO - Table 'Sales' created or already exists.
2023-12-12 04:40:08,815 - INFO - Data from 'Sales.csv' loaded into 'Sales'.
2023-12-12 04:40:08,815 - INFO - Data from 'Sales.csv' committed into 'Sales'.
2023-12-12 04:40:08,815 - INFO - MySQL connection closed.
2023-12-12 05:31:39,408 - INFO - Table 'Products' created or already exists.
2023-12-12 05:31:39,409 - INFO - Data from 'Products.csv' loaded into 'Products'.
2023-12-12 05:31:39,410 - INFO - Data from 'Products.csv' committed into 'Products'.
2023-12-12 05:31:39,411 - INFO - Table 'Sales' created or already exists.
2023-12-12 05:31:39,412 - INFO - Data from 'Sales.csv' loaded into 'Sales'.
2023-12-12 05:31:39,413 - INFO - Data from 'Sales.csv' committed into 'Sales'.
2023-12-12 05:31:57,734 - INFO - Table 'Products' created or already exists.
2023-12-12 05:31:57,735 - INFO - Data from 'Products.csv' loaded into 'Products'.
2023-12-12 05:31:57,735 - INFO - Data from 'Products.csv' committed into 'Products'.
2023-12-12 05:31:57,736 - INFO - Table 'Sales' created or already exists.
2023-12-12 05:31:57,738 - INFO - Data from 'Sales.csv' loaded into 'Sales'.
2023-12-12 05:31:57,738 - INFO - Data from 'Sales.csv' committed into 'Sales'.
2023-12-12 05:32:08,815 - INFO - Table 'Products' created or already exists.
2023-12-12 05:32:08,816 - INFO - Data from 'Products.csv' loaded into 'Products'.
2023-12-12 05:32:08,817 - INFO - Data from 'Products.csv' committed into 'Products'.
2023-12-12 05:32:08,818 - INFO - Table 'Sales' created or already exists.
2023-12-12 05:32:08,819 - INFO - Data from 'Sales.csv' loaded into 'Sales'.
2023-12-12 05:32:08,820 - INFO - Data from 'Sales.csv' committed into 'Sales'.
2023-12-12 05:33:12,140 - INFO - Table 'Products' created or already exists.
2023-12-12 05:33:12,141 - INFO - Data from 'Products.csv' loaded into 'Products'.
2023-12-12 05:33:12,141 - INFO - Data from 'Products.csv' committed into 'Products'.
2023-12-12 05:33:12,142 - INFO - Table 'Sales' created or already exists.
2023-12-12 05:33:12,144 - INFO - Data from 'Sales.csv' loaded into 'Sales'.
2023-12-12 05:33:12,144 - INFO - Data from 'Sales.csv' committed into 'Sales'.
2023-12-12 05:38:55,156 - INFO - Table 'Products' created or already exists.
2023-12-12 05:38:55,157 - INFO - Data from 'Products.csv' loaded into 'Products'.
2023-12-12 05:38:55,158 - INFO - Data from 'Products.csv' committed into 'Products'.
2023-12-12 05:38:55,159 - INFO - Table 'Sales' created or already exists.
2023-12-12 05:38:55,160 - INFO - Data from 'Sales.csv' loaded into 'Sales'.
2023-12-12 05:38:55,161 - INFO - Data from 'Sales.csv' committed into 'Sales'.
2023-12-12 05:38:55,163 - INFO - MySQL connection closed.
2023-12-12 05:39:39,813 - INFO - Table 'Products' created or already exists.
2023-12-12 05:39:39,814 - INFO - Data from 'Products.csv' loaded into 'Products'.
2023-12-12 05:39:39,814 - INFO - Data from 'Products.csv' committed into 'Products'.
2023-12-12 05:39:39,815 - INFO - Table 'Sales' created or already exists.
2023-12-12 05:39:39,816 - INFO - Data from 'Sales.csv' loaded into 'Sales'.
2023-12-12 05:39:39,816 - INFO - Data from 'Sales.csv' committed into 'Sales'.
2023-12-12 05:39:39,818 - INFO - MySQL connection closed.
2023-12-12 05:41:05,887 - INFO - Table 'Products' created or already exists.
2023-12-12 05:41:05,889 - INFO - Data from 'Products.csv' loaded into 'Products'.
2023-12-12 05:41:05,889 - INFO - Data from 'Products.csv' committed into 'Products'.
2023-12-12 05:41:05,891 - INFO - Table 'Sales' created or already exists.
2023-12-12 05:41:05,892 - INFO - Data from 'Sales.csv' loaded into 'Sales'.
2023-12-12 05:41:05,893 - INFO - Data from 'Sales.csv' committed into 'Sales'.
2023-12-12 05:41:12,025 - INFO - Table 'Products' created or already exists.
2023-12-12 05:41:12,026 - INFO - Data from 'Products.csv' loaded into 'Products'.
2023-12-12 05:41:12,027 - INFO - Data from 'Products.csv' committed into 'Products'.
2023-12-12 05:41:12,029 - INFO - Table 'Sales' created or already exists.
2023-12-12 05:41:12,031 - INFO - Data from 'Sales.csv' loaded into 'Sales'.
2023-12-12 05:41:12,032 - INFO - Data from 'Sales.csv' committed into 'Sales'.
2023-12-12 05:41:16,360 - INFO - Table 'Products' created or already exists.
2023-12-12 05:41:16,362 - INFO - Data from 'Products.csv' loaded into 'Products'.
2023-12-12 05:41:16,362 - INFO - Data from 'Products.csv' committed into 'Products'.
2023-12-12 05:41:16,364 - INFO - Table 'Sales' created or already exists.
2023-12-12 05:41:16,366 - INFO - Data from 'Sales.csv' loaded into 'Sales'.
2023-12-12 05:41:16,366 - INFO - Data from 'Sales.csv' committed into 'Sales'.
2023-12-12 05:55:55,384 - INFO - Table 'Products' created or already exists.
2023-12-12 05:55:55,385 - INFO - Data from 'Products.csv' loaded into 'Products'.
2023-12-12 05:55:55,386 - INFO - Data from 'Products.csv' committed into 'Products'.
2023-12-12 05:55:55,388 - INFO - Table 'Sales' created or already exists.
2023-12-12 05:55:55,389 - INFO - Data from 'Sales.csv' loaded into 'Sales'.
2023-12-12 05:55:55,390 - INFO - Data from 'Sales.csv' committed into 'Sales'.
2023-12-12 05:55:55,392 - INFO - MySQL connection closed.
2023-12-12 05:59:23,721 - INFO - Table 'Products' created or already exists.
2023-12-12 05:59:23,722 - INFO - Data from 'Products.csv' loaded into 'Products'.
2023-12-12 05:59:23,722 - INFO - Data from 'Products.csv' committed into 'Products'.
2023-12-12 05:59:23,724 - INFO - Table 'Sales' created or already exists.
2023-12-12 05:59:23,725 - INFO - Data from 'Sales.csv' loaded into 'Sales'.
2023-12-12 05:59:23,726 - INFO - Data from 'Sales.csv' committed into 'Sales'.
2023-12-12 06:01:11,931 - INFO - Table 'Products' created or already exists.
2023-12-12 06:01:11,932 - INFO - Data from 'Products.csv' loaded into 'Products'.
2023-12-12 06:01:11,932 - INFO - Data from 'Products.csv' committed into 'Products'.
2023-12-12 06:01:11,935 - INFO - Table 'Sales' created or already exists.
2023-12-12 06:01:11,936 - INFO - Data from 'Sales.csv' loaded into 'Sales'.
2023-12-12 06:01:11,936 - INFO - Data from 'Sales.csv' committed into 'Sales'.
2023-12-12 06:01:19,837 - INFO - Table 'Products' created or already exists.
2023-12-12 06:01:19,838 - INFO - Data from 'Products.csv' loaded into 'Products'.
2023-12-12 06:01:19,839 - INFO - Data from 'Products.csv' committed into 'Products'.
2023-12-12 06:01:19,842 - INFO - Table 'Sales' created or already exists.
2023-12-12 06:01:19,843 - INFO - Data from 'Sales.csv' loaded into 'Sales'.
2023-12-12 06:01:19,843 - INFO - Data from 'Sales.csv' committed into 'Sales'.
2023-12-12 06:01:19,845 - INFO - MySQL connection closed.
2023-12-12 06:09:59,453 - INFO - Table 'Products' created or already exists.
2023-12-12 06:09:59,455 - INFO - Data from 'Products.csv' loaded into 'Products'.
2023-12-12 06:09:59,455 - INFO - Data from 'Products.csv' committed into 'Products'.
2023-12-12 06:09:59,461 - INFO - Table 'Sales' created or already exists.
2023-12-12 06:09:59,462 - INFO - Data from 'Sales.csv' loaded into 'Sales'.
2023-12-12 06:09:59,462 - INFO - Data from 'Sales.csv' committed into 'Sales'.
2023-12-12 06:09:59,464 - INFO - MySQL connection closed.
2023-12-12 06:13:13,431 - INFO - Table 'Products' created or already exists.
2023-12-12 06:13:13,432 - INFO - Data from 'Products.csv' loaded into 'Products'.
2023-12-12 06:13:13,433 - INFO - Data from 'Products.csv' committed into 'Products'.
2023-12-12 06:13:13,438 - INFO - Table 'Sales' created or already exists.
2023-12-12 06:13:13,439 - INFO - Data from 'Sales.csv' loaded into 'Sales'.
2023-12-12 06:13:13,440 - INFO - Data from 'Sales.csv' committed into 'Sales'.
2023-12-12 06:14:27,529 - INFO - Table 'Products' created or already exists.
2023-12-12 06:14:27,530 - INFO - Data from 'Products.csv' loaded into 'Products'.
2023-12-12 06:14:27,530 - INFO - Data from 'Products.csv' committed into 'Products'.
2023-12-12 06:14:27,535 - INFO - Table 'Sales' created or already exists.
2023-12-12 06:14:27,536 - INFO - Data from 'Sales.csv' loaded into 'Sales'.
2023-12-12 06:14:27,537 - INFO - Data from 'Sales.csv' committed into 'Sales'.
2023-12-12 06:14:27,539 - INFO - MySQL connection closed.
2023-12-12 06:16:07,491 - INFO - Table 'Products' created or already exists.
2023-12-12 06:16:07,492 - INFO - Data from 'Products.csv' loaded into 'Products'.
2023-12-12 06:16:07,493 - INFO - Data from 'Products.csv' committed into 'Products'.
2023-12-12 06:16:07,494 - INFO - Table 'Sales' created or already exists.
2023-12-12 06:16:07,495 - INFO - Data from 'Sales.csv' loaded into 'Sales'.
2023-12-12 06:16:07,495 - INFO - Data from 'Sales.csv' committed into 'Sales'.
2023-12-12 06:16:07,497 - INFO - MySQL connection closed.
2023-12-12 06:17:09,285 - INFO - Table 'Products' created or already exists.
2023-12-12 06:17:09,286 - INFO - Data from 'Products.csv' loaded into 'Products'.
2023-12-12 06:17:09,286 - INFO - Data from 'Products.csv' committed into 'Products'.
2023-12-12 06:17:09,292 - INFO - Table 'Sales' created or already exists.
2023-12-12 06:17:09,293 - INFO - Data from 'Sales.csv' loaded into 'Sales'.
2023-12-12 06:17:09,294 - INFO - Data from 'Sales.csv' committed into 'Sales'.
2023-12-12 06:17:09,296 - INFO - MySQL connection closed.
